2018-08-23 00:15:10 main       DEBUG CounterDemo:21 - Entering programme...
2018-08-23 00:15:10 Thread-1   DEBUG ConsoleOutput:29 - Thread ConsoleOutput starts to print N to 1:
2018-08-23 00:15:13 Thread-1   DEBUG ConsoleOutput:34 - Thread ConsoleOutput finishes printing N to 1.
2018-08-23 00:16:05 main       DEBUG CounterDemo:21 - Entering programme...
2018-08-23 00:16:05 Thread-1   DEBUG ConsoleOutput:30 - Thread ConsoleOutput starts to print N to 1:
2018-08-23 00:16:08 Thread-1   DEBUG ConsoleOutput:36 - Thread ConsoleOutput finishes printing N to 1.
2018-08-23 00:17:49 main       DEBUG CounterDemo:21 - Entering programme...
2018-08-23 00:17:49 Thread-1   DEBUG ConsoleOutput:31 - Thread ConsoleOutput starts to print N to 1:
2018-08-23 00:17:54 Thread-1   DEBUG ConsoleOutput:37 - Thread ConsoleOutput finishes printing N to 1.
2018-08-23 00:17:54 main       DEBUG CounterDemo:29 - Exiting programme...
2018-08-23 00:18:42 main       DEBUG CounterDemo:21 - Entering programme...
2018-08-23 00:18:42 Thread-1   DEBUG ConsoleOutput:31 - Thread ConsoleOutput starts to print N to 1:
2018-08-23 00:18:47 Thread-1   DEBUG ConsoleOutput:37 - Thread ConsoleOutput finishes printing N to 1.
2018-08-23 00:18:47 main       DEBUG CounterDemo:29 - Exiting programme...
2018-08-23 00:27:14 main       DEBUG CounterDemo:21 - Entering programme...
2018-08-23 00:27:14 Thread-1   DEBUG ConsoleOutput:31 - Thread ConsoleOutput starts to print N to 1:
2018-08-23 00:27:19 Thread-1   DEBUG ConsoleOutput:37 - Thread ConsoleOutput finishes printing N to 1.
2018-08-23 00:27:19 main       DEBUG CounterDemo:29 - Exiting programme...
2018-08-23 00:34:38 main       DEBUG CounterDemo:21 - Entering programme...
2018-08-23 00:34:38 Thread-1   DEBUG ConsoleOutput:31 - Thread ConsoleOutput starts to print N to 1:
2018-08-23 00:34:43 Thread-1   DEBUG ConsoleOutput:37 - Thread ConsoleOutput finishes printing N to 1.
2018-08-23 00:34:43 main       DEBUG CounterDemo:31 - Exiting programme...
2018-08-23 00:35:18 main       DEBUG CounterDemo:21 - Entering programme...
2018-08-23 00:35:36 main       DEBUG CounterDemo:21 - Entering programme...
2018-08-23 00:36:17 main       DEBUG CounterDemo:21 - Entering programme...
2018-08-23 00:36:17 Thread-1   DEBUG ConsoleOutput:31 - Thread ConsoleOutput starts to print N to 1:
2018-08-23 00:36:22 Thread-1   DEBUG ConsoleOutput:37 - Thread ConsoleOutput finishes printing N to 1.
2018-08-23 00:36:22 main       DEBUG CounterDemo:29 - Exiting programme...
2018-08-23 11:24:36 main       DEBUG CounterDemo:21 - Entering programme...
2018-08-23 11:24:36 Thread-0   DEBUG ConsoleOutput:27 - Thread ConsoleOutput starts to print N to 1:
2018-08-23 11:24:41 Thread-0   DEBUG ConsoleOutput:33 - Thread ConsoleOutput finishes printing N to 1.
2018-08-23 11:24:41 Thread-1   DEBUG ConsoleOutput:17 - Thread ConsoleOutput starts to print 1 to N:
2018-08-23 11:24:46 Thread-1   DEBUG ConsoleOutput:23 - Thread ConsoleOutput finishes printing 1 to N.
2018-08-23 11:24:46 main       DEBUG CounterDemo:29 - Exiting programme...
2018-08-23 11:24:59 main       DEBUG CounterDemo:21 - Entering programme...
2018-08-23 11:24:59 Thread-0   DEBUG ConsoleOutput:27 - Thread ConsoleOutput starts to print N to 1:
2018-08-23 11:25:04 Thread-0   DEBUG ConsoleOutput:33 - Thread ConsoleOutput finishes printing N to 1.
2018-08-23 11:25:04 Thread-1   DEBUG ConsoleOutput:17 - Thread ConsoleOutput starts to print 1 to N:
2018-08-23 11:25:09 Thread-1   DEBUG ConsoleOutput:23 - Thread ConsoleOutput finishes printing 1 to N.
2018-08-23 11:25:09 main       DEBUG CounterDemo:29 - Exiting programme...
2018-08-23 11:25:32 main       DEBUG CounterDemo:21 - Entering programme...
2018-08-23 11:25:32 Thread-0   DEBUG ConsoleOutput:27 - Thread ConsoleOutput starts to print N to 1:
2018-08-23 11:25:37 Thread-0   DEBUG ConsoleOutput:33 - Thread ConsoleOutput finishes printing N to 1.
2018-08-23 11:25:37 Thread-1   DEBUG ConsoleOutput:17 - Thread ConsoleOutput starts to print 1 to N:
2018-08-23 11:25:42 Thread-1   DEBUG ConsoleOutput:23 - Thread ConsoleOutput finishes printing 1 to N.
2018-08-23 11:25:42 main       DEBUG CounterDemo:29 - Exiting programme...
2018-08-23 11:31:04 main       DEBUG CounterDemo:21 - Entering programme...
2018-08-23 11:31:04 Thread-0   DEBUG ConsoleOutput:16 - Thread ConsoleOutput starts to print 1 to N:
2018-08-23 11:31:09 Thread-0   DEBUG ConsoleOutput:21 - Thread ConsoleOutput finishes printing 1 to N.
2018-08-23 11:31:09 Thread-1   DEBUG ConsoleOutput:26 - Thread ConsoleOutput starts to print N to 1:
2018-08-23 11:31:14 Thread-1   DEBUG ConsoleOutput:31 - Thread ConsoleOutput finishes printing N to 1.
2018-08-23 11:31:14 main       DEBUG CounterDemo:29 - Exiting programme...
2018-08-23 11:31:31 main       DEBUG CounterDemo:21 - Entering programme...
2018-08-23 11:31:31 Thread-0   DEBUG ConsoleOutput:16 - Thread ConsoleOutput starts to print 1 to N:
2018-08-23 11:31:31 Thread-1   DEBUG ConsoleOutput:26 - Thread ConsoleOutput starts to print N to 1:
2018-08-23 11:31:36 Thread-0   DEBUG ConsoleOutput:21 - Thread ConsoleOutput finishes printing 1 to N.
2018-08-23 11:31:36 Thread-1   DEBUG ConsoleOutput:31 - Thread ConsoleOutput finishes printing N to 1.
2018-08-23 11:31:36 main       DEBUG CounterDemo:29 - Exiting programme...
2018-08-23 11:31:56 main       DEBUG CounterDemo:21 - Entering programme...
2018-08-23 11:31:56 Thread-0   DEBUG ConsoleOutput:16 - Thread ConsoleOutput starts to print 1 to N:
2018-08-23 11:32:01 Thread-0   DEBUG ConsoleOutput:21 - Thread ConsoleOutput finishes printing 1 to N.
2018-08-23 11:32:01 Thread-1   DEBUG ConsoleOutput:26 - Thread ConsoleOutput starts to print N to 1:
2018-08-23 11:32:06 Thread-1   DEBUG ConsoleOutput:31 - Thread ConsoleOutput finishes printing N to 1.
2018-08-23 11:32:06 main       DEBUG CounterDemo:29 - Exiting programme...
2018-08-23 11:32:36 main       DEBUG CounterDemo:21 - Entering programme...
2018-08-23 11:32:36 Thread-0   DEBUG ConsoleOutput:16 - Thread ConsoleOutput starts to print 1 to N:
2018-08-23 11:32:41 Thread-0   DEBUG ConsoleOutput:21 - Thread ConsoleOutput finishes printing 1 to N.
2018-08-23 11:32:41 Thread-1   DEBUG ConsoleOutput:26 - Thread ConsoleOutput starts to print N to 1:
2018-08-23 11:32:46 Thread-1   DEBUG ConsoleOutput:31 - Thread ConsoleOutput finishes printing N to 1.
2018-08-23 11:32:46 main       DEBUG CounterDemo:29 - Exiting programme...
2018-08-23 11:32:55 main       DEBUG CounterDemo:21 - Entering programme...
2018-08-23 11:32:55 Thread-0   DEBUG ConsoleOutput:16 - Thread ConsoleOutput starts to print 1 to N:
2018-08-23 11:32:55 Thread-1   DEBUG ConsoleOutput:26 - Thread ConsoleOutput starts to print N to 1:
2018-08-23 11:33:00 Thread-0   DEBUG ConsoleOutput:21 - Thread ConsoleOutput finishes printing 1 to N.
2018-08-23 11:33:00 Thread-1   DEBUG ConsoleOutput:31 - Thread ConsoleOutput finishes printing N to 1.
2018-08-23 11:33:00 main       DEBUG CounterDemo:29 - Exiting programme...
2018-08-23 11:33:06 main       DEBUG CounterDemo:21 - Entering programme...
2018-08-23 11:33:06 Thread-0   DEBUG ConsoleOutput:16 - Thread ConsoleOutput starts to print 1 to N:
2018-08-23 11:33:06 Thread-1   DEBUG ConsoleOutput:26 - Thread ConsoleOutput starts to print N to 1:
2018-08-23 11:33:11 Thread-0   DEBUG ConsoleOutput:21 - Thread ConsoleOutput finishes printing 1 to N.
2018-08-23 11:33:11 Thread-1   DEBUG ConsoleOutput:31 - Thread ConsoleOutput finishes printing N to 1.
2018-08-23 11:33:11 main       DEBUG CounterDemo:29 - Exiting programme...
2018-08-23 11:40:14 main       DEBUG CounterDemo:21 - Entering programme...
2018-08-23 11:40:14 Thread-0   DEBUG ConsoleOutput:16 - Thread ConsoleOutput starts to print 1 to N:
2018-08-23 11:40:14 Thread-1   DEBUG ConsoleOutput:26 - Thread ConsoleOutput starts to print N to 1:
2018-08-23 11:40:19 Thread-1   DEBUG ConsoleOutput:31 - Thread ConsoleOutput finishes printing N to 1.
2018-08-23 11:40:19 Thread-0   DEBUG ConsoleOutput:21 - Thread ConsoleOutput finishes printing 1 to N.
2018-08-23 11:40:19 main       DEBUG CounterDemo:29 - Exiting programme...
2018-08-23 11:40:50 main       DEBUG CounterDemo:21 - Entering programme...
2018-08-23 11:40:50 Thread-0   DEBUG ConsoleOutput:16 - Thread ConsoleOutput starts to print 1 to N:
2018-08-23 11:40:50 Thread-1   DEBUG ConsoleOutput:26 - Thread ConsoleOutput starts to print N to 1:
2018-08-23 11:40:55 Thread-1   DEBUG ConsoleOutput:31 - Thread ConsoleOutput finishes printing N to 1.
2018-08-23 11:40:55 Thread-0   DEBUG ConsoleOutput:21 - Thread ConsoleOutput finishes printing 1 to N.
2018-08-23 11:40:55 main       DEBUG CounterDemo:31 - Exiting programme...
2018-08-23 11:52:31 main       DEBUG CounterDemo:23 - Entering programme...
2018-08-23 11:52:31 Thread-0   DEBUG ConsoleOutput:15 - Thread ConsoleOutput starts to print 1 to N:
2018-08-23 11:52:36 Thread-0   DEBUG ConsoleOutput:20 - Thread ConsoleOutput finishes printing 1 to N.
2018-08-23 11:52:52 main       DEBUG CounterDemo:23 - Entering programme...
2018-08-23 11:52:52 Thread-1   DEBUG ConsoleOutput:25 - Thread ConsoleOutput starts to print N to 1:
2018-08-23 11:52:57 Thread-1   DEBUG ConsoleOutput:30 - Thread ConsoleOutput finishes printing N to 1.
2018-08-23 11:54:09 main       DEBUG CounterDemo:23 - Entering programme...
2018-08-23 11:54:09 Thread-1   DEBUG ConsoleOutput:25 - Thread ConsoleOutput starts to print N to 1:
2018-08-23 11:54:14 Thread-1   DEBUG ConsoleOutput:30 - Thread ConsoleOutput finishes printing N to 1.
2018-08-23 12:00:29 main       DEBUG CounterDemo:23 - Entering programme...
2018-08-23 12:00:29 Thread-1   DEBUG ConsoleOutput:25 - Thread ConsoleOutput starts to print N to 1:
2018-08-23 12:00:34 Thread-1   DEBUG ConsoleOutput:30 - Thread ConsoleOutput finishes printing N to 1.
2018-08-23 12:01:28 main       DEBUG CounterDemo:23 - Entering programme...
2018-08-23 12:01:28 Thread-1   DEBUG ConsoleOutput:25 - Thread ConsoleOutput starts to print N to 1:
2018-08-23 12:01:30 main       DEBUG CounterDemo:23 - Entering programme...
2018-08-23 12:01:30 Thread-0   DEBUG ConsoleOutput:15 - Thread ConsoleOutput starts to print 1 to N:
2018-08-23 12:01:33 Thread-1   DEBUG ConsoleOutput:30 - Thread ConsoleOutput finishes printing N to 1.
2018-08-23 12:01:35 Thread-0   DEBUG ConsoleOutput:20 - Thread ConsoleOutput finishes printing 1 to N.
2018-08-23 12:01:41 main       DEBUG CounterDemo:23 - Entering programme...
2018-08-23 12:01:41 Thread-1   DEBUG ConsoleOutput:25 - Thread ConsoleOutput starts to print N to 1:
2018-08-23 12:01:43 main       DEBUG CounterDemo:23 - Entering programme...
2018-08-23 12:01:43 Thread-1   DEBUG ConsoleOutput:25 - Thread ConsoleOutput starts to print N to 1:
2018-08-23 12:01:46 Thread-1   DEBUG ConsoleOutput:30 - Thread ConsoleOutput finishes printing N to 1.
2018-08-23 12:01:48 Thread-1   DEBUG ConsoleOutput:30 - Thread ConsoleOutput finishes printing N to 1.
2018-08-23 12:01:49 main       DEBUG CounterDemo:23 - Entering programme...
2018-08-23 12:01:49 Thread-0   DEBUG ConsoleOutput:15 - Thread ConsoleOutput starts to print 1 to N:
2018-08-23 12:01:54 Thread-0   DEBUG ConsoleOutput:20 - Thread ConsoleOutput finishes printing 1 to N.
2018-08-23 12:04:12 main       DEBUG CounterDemo:23 - Entering programme...
2018-08-23 12:04:12 Thread-0   DEBUG ConsoleOutput:15 - Thread ConsoleOutput starts to print 1 to N:
2018-08-23 12:04:17 Thread-0   DEBUG ConsoleOutput:20 - Thread ConsoleOutput finishes printing 1 to N.
2018-08-23 12:04:41 main       DEBUG CounterDemo:23 - Entering programme...
2018-08-23 12:04:41 Thread-0   DEBUG ConsoleOutput:15 - Thread ConsoleOutput starts to print 1 to N:
2018-08-23 12:04:46 Thread-0   DEBUG ConsoleOutput:20 - Thread ConsoleOutput finishes printing 1 to N.
2018-08-23 12:06:25 main       DEBUG CounterDemo:23 - Entering programme...
2018-08-23 12:06:25 Thread-1   DEBUG ConsoleOutput:24 - Thread ConsoleOutput starts to print N to 1:
2018-08-23 12:06:30 Thread-1   DEBUG ConsoleOutput:29 - Thread ConsoleOutput finishes printing N to 1.
2018-08-23 12:06:30 main       DEBUG CounterDemo:50 - Exiting programme...
2018-08-23 12:06:30 Thread-0   DEBUG ConsoleOutput:15 - Thread ConsoleOutput starts to print 1 to N:
2018-08-23 12:06:35 Thread-0   DEBUG ConsoleOutput:20 - Thread ConsoleOutput finishes printing 1 to N.
2018-08-23 12:08:15 main       DEBUG CounterDemo:23 - Entering programme...
2018-08-23 12:08:15 Thread-1   DEBUG ConsoleOutput:24 - Thread ConsoleOutput starts to print N to 1:
2018-08-23 12:08:20 Thread-1   DEBUG ConsoleOutput:29 - Thread ConsoleOutput finishes printing N to 1.
2018-08-23 12:08:20 main       DEBUG CounterDemo:56 - Exiting programme...
2018-08-23 12:08:20 Thread-0   DEBUG ConsoleOutput:15 - Thread ConsoleOutput starts to print 1 to N:
2018-08-23 12:08:25 Thread-0   DEBUG ConsoleOutput:20 - Thread ConsoleOutput finishes printing 1 to N.
2018-08-23 12:08:54 main       DEBUG CounterDemo:23 - Entering programme...
2018-08-23 12:08:54 Thread-1   DEBUG ConsoleOutput:24 - Thread ConsoleOutput starts to print N to 1:
2018-08-23 12:08:59 Thread-1   DEBUG ConsoleOutput:29 - Thread ConsoleOutput finishes printing N to 1.
2018-08-23 12:08:59 main       DEBUG CounterDemo:50 - Exiting programme...
2018-08-23 12:08:59 Thread-0   DEBUG ConsoleOutput:15 - Thread ConsoleOutput starts to print 1 to N:
2018-08-23 12:09:04 Thread-0   DEBUG ConsoleOutput:20 - Thread ConsoleOutput finishes printing 1 to N.
2018-08-23 12:10:24 main       DEBUG CounterDemo:23 - Entering programme...
2018-08-23 12:10:24 Thread-1   DEBUG ConsoleOutput:24 - Thread ConsoleOutput starts to print N to 1:
2018-08-23 12:10:29 Thread-1   DEBUG ConsoleOutput:29 - Thread ConsoleOutput finishes printing N to 1.
2018-08-23 12:10:29 Thread-0   DEBUG ConsoleOutput:15 - Thread ConsoleOutput starts to print 1 to N:
2018-08-23 12:10:34 Thread-0   DEBUG ConsoleOutput:20 - Thread ConsoleOutput finishes printing 1 to N.
2018-08-23 12:10:34 main       DEBUG CounterDemo:52 - Exiting programme...
2018-08-23 12:10:38 main       DEBUG CounterDemo:23 - Entering programme...
2018-08-23 12:10:38 Thread-1   DEBUG ConsoleOutput:24 - Thread ConsoleOutput starts to print N to 1:
2018-08-23 12:10:39 main       DEBUG CounterDemo:23 - Entering programme...
2018-08-23 12:10:39 Thread-1   DEBUG ConsoleOutput:24 - Thread ConsoleOutput starts to print N to 1:
2018-08-23 12:10:40 main       DEBUG CounterDemo:23 - Entering programme...
2018-08-23 12:10:40 Thread-0   DEBUG ConsoleOutput:15 - Thread ConsoleOutput starts to print 1 to N:
2018-08-23 12:10:43 Thread-1   DEBUG ConsoleOutput:29 - Thread ConsoleOutput finishes printing N to 1.
2018-08-23 12:10:43 Thread-0   DEBUG ConsoleOutput:15 - Thread ConsoleOutput starts to print 1 to N:
2018-08-23 12:10:44 Thread-1   DEBUG ConsoleOutput:29 - Thread ConsoleOutput finishes printing N to 1.
2018-08-23 12:10:44 Thread-0   DEBUG ConsoleOutput:15 - Thread ConsoleOutput starts to print 1 to N:
2018-08-23 12:10:45 Thread-0   DEBUG ConsoleOutput:20 - Thread ConsoleOutput finishes printing 1 to N.
2018-08-23 12:10:45 Thread-1   DEBUG ConsoleOutput:24 - Thread ConsoleOutput starts to print N to 1:
2018-08-23 12:10:48 Thread-0   DEBUG ConsoleOutput:20 - Thread ConsoleOutput finishes printing 1 to N.
2018-08-23 12:10:48 main       DEBUG CounterDemo:52 - Exiting programme...
2018-08-23 12:10:49 Thread-0   DEBUG ConsoleOutput:20 - Thread ConsoleOutput finishes printing 1 to N.
2018-08-23 12:10:49 main       DEBUG CounterDemo:52 - Exiting programme...
2018-08-23 12:10:50 Thread-1   DEBUG ConsoleOutput:29 - Thread ConsoleOutput finishes printing N to 1.
2018-08-23 12:10:50 main       DEBUG CounterDemo:52 - Exiting programme...
2018-08-23 12:10:53 main       DEBUG CounterDemo:23 - Entering programme...
2018-08-23 12:10:53 Thread-1   DEBUG ConsoleOutput:24 - Thread ConsoleOutput starts to print N to 1:
2018-08-23 12:10:55 main       DEBUG CounterDemo:23 - Entering programme...
2018-08-23 12:10:55 Thread-0   DEBUG ConsoleOutput:15 - Thread ConsoleOutput starts to print 1 to N:
2018-08-23 12:10:58 Thread-1   DEBUG ConsoleOutput:29 - Thread ConsoleOutput finishes printing N to 1.
2018-08-23 12:10:58 Thread-0   DEBUG ConsoleOutput:15 - Thread ConsoleOutput starts to print 1 to N:
2018-08-23 12:11:00 Thread-0   DEBUG ConsoleOutput:20 - Thread ConsoleOutput finishes printing 1 to N.
2018-08-23 12:11:00 Thread-1   DEBUG ConsoleOutput:24 - Thread ConsoleOutput starts to print N to 1:
2018-08-23 12:11:03 Thread-0   DEBUG ConsoleOutput:20 - Thread ConsoleOutput finishes printing 1 to N.
2018-08-23 12:11:03 main       DEBUG CounterDemo:52 - Exiting programme...
2018-08-23 12:11:05 Thread-1   DEBUG ConsoleOutput:29 - Thread ConsoleOutput finishes printing N to 1.
2018-08-23 12:11:05 main       DEBUG CounterDemo:52 - Exiting programme...
2018-08-23 12:11:10 main       DEBUG CounterDemo:23 - Entering programme...
2018-08-23 12:11:10 Thread-0   DEBUG ConsoleOutput:15 - Thread ConsoleOutput starts to print 1 to N:
2018-08-23 12:11:15 Thread-0   DEBUG ConsoleOutput:20 - Thread ConsoleOutput finishes printing 1 to N.
2018-08-23 12:11:15 Thread-1   DEBUG ConsoleOutput:24 - Thread ConsoleOutput starts to print N to 1:
2018-08-23 12:11:20 Thread-1   DEBUG ConsoleOutput:29 - Thread ConsoleOutput finishes printing N to 1.
2018-08-23 12:11:20 main       DEBUG CounterDemo:52 - Exiting programme...
2018-08-23 12:12:09 main       DEBUG CounterDemo:23 - Entering programme...
2018-08-23 12:12:09 Thread-0   DEBUG ConsoleOutput:15 - Starts to print 1 to N:
2018-08-23 12:12:14 Thread-0   DEBUG ConsoleOutput:20 - Finishes printing 1 to N.
2018-08-23 12:12:14 Thread-1   DEBUG ConsoleOutput:24 - Starts to print N to 1:
2018-08-23 12:12:19 Thread-1   DEBUG ConsoleOutput:29 - Finishes printing N to 1.
2018-08-23 12:12:19 main       DEBUG CounterDemo:52 - Exiting programme...
2018-08-23 12:12:34 main       DEBUG CounterDemo:23 - Entering programme...
2018-08-23 12:12:34 Thread-0   DEBUG ConsoleOutput:15 - Starts to print 1 to N:
2018-08-23 12:12:39 Thread-0   DEBUG ConsoleOutput:20 - Finishes printing 1 to N.
2018-08-23 12:12:39 Thread-1   DEBUG ConsoleOutput:24 - Starts to print N to 1:
2018-08-23 12:12:44 Thread-1   DEBUG ConsoleOutput:29 - Finishes printing N to 1.
2018-08-23 12:12:44 main       DEBUG CounterDemo:52 - Exiting programme...
2018-08-23 12:12:53 main       DEBUG CounterDemo:23 - Entering programme...
2018-08-23 12:12:53 Thread-1   DEBUG ConsoleOutput:24 - Starts to print N to 1:
2018-08-23 12:12:56 Thread-1   DEBUG ConsoleOutput:29 - Finishes printing N to 1.
2018-08-23 12:12:56 Thread-0   DEBUG ConsoleOutput:15 - Starts to print 1 to N:
2018-08-23 12:12:58 Thread-0   DEBUG ConsoleOutput:20 - Finishes printing 1 to N.
2018-08-23 12:12:58 main       DEBUG CounterDemo:52 - Exiting programme...
2018-08-23 12:13:00 main       DEBUG CounterDemo:23 - Entering programme...
2018-08-23 12:13:00 Thread-1   DEBUG ConsoleOutput:24 - Starts to print N to 1:
2018-08-23 12:13:03 Thread-1   DEBUG ConsoleOutput:29 - Finishes printing N to 1.
2018-08-23 12:13:03 Thread-0   DEBUG ConsoleOutput:15 - Starts to print 1 to N:
2018-08-23 12:13:05 Thread-0   DEBUG ConsoleOutput:20 - Finishes printing 1 to N.
2018-08-23 12:13:05 main       DEBUG CounterDemo:52 - Exiting programme...
2018-08-23 12:13:06 main       DEBUG CounterDemo:23 - Entering programme...
2018-08-23 12:13:06 Thread-1   DEBUG ConsoleOutput:24 - Starts to print N to 1:
2018-08-23 12:13:08 main       DEBUG CounterDemo:23 - Entering programme...
2018-08-23 12:13:08 Thread-1   DEBUG ConsoleOutput:24 - Starts to print N to 1:
2018-08-23 12:13:09 main       DEBUG CounterDemo:23 - Entering programme...
2018-08-23 12:13:09 Thread-0   DEBUG ConsoleOutput:15 - Starts to print 1 to N:
2018-08-23 12:13:09 Thread-1   DEBUG ConsoleOutput:29 - Finishes printing N to 1.
2018-08-23 12:13:09 Thread-0   DEBUG ConsoleOutput:15 - Starts to print 1 to N:
2018-08-23 12:13:10 Thread-1   DEBUG ConsoleOutput:29 - Finishes printing N to 1.
2018-08-23 12:13:10 Thread-0   DEBUG ConsoleOutput:15 - Starts to print 1 to N:
2018-08-23 12:13:11 Thread-0   DEBUG ConsoleOutput:20 - Finishes printing 1 to N.
2018-08-23 12:13:11 Thread-1   DEBUG ConsoleOutput:24 - Starts to print N to 1:
2018-08-23 12:13:11 Thread-0   DEBUG ConsoleOutput:20 - Finishes printing 1 to N.
2018-08-23 12:13:11 main       DEBUG CounterDemo:52 - Exiting programme...
2018-08-23 12:13:13 Thread-0   DEBUG ConsoleOutput:20 - Finishes printing 1 to N.
2018-08-23 12:13:13 main       DEBUG CounterDemo:52 - Exiting programme...
2018-08-23 12:13:14 Thread-1   DEBUG ConsoleOutput:29 - Finishes printing N to 1.
2018-08-23 12:13:14 main       DEBUG CounterDemo:52 - Exiting programme...
2018-08-23 12:13:47 main       DEBUG CounterDemo:23 - Entering programme...
2018-08-23 12:13:47 Thread-0   DEBUG ConsoleOutput:15 - Starts to print 1 to N:
2018-08-23 12:13:52 Thread-0   DEBUG ConsoleOutput:20 - Finishes printing 1 to N.
2018-08-23 12:13:52 Thread-1   DEBUG ConsoleOutput:24 - Starts to print N to 1:
2018-08-23 12:13:57 Thread-1   DEBUG ConsoleOutput:29 - Finishes printing N to 1.
2018-08-23 12:13:57 main       DEBUG CounterDemo:52 - Exiting programme...
